<?xml version="1.0" encoding="UTF-8"?>
<testng-results skipped="0" failed="0" total="1" passed="1">
  <reporter-output>
  </reporter-output>
  <suite name="Default suite" duration-ms="82884" started-at="2021-05-05T07:46:25Z" finished-at="2021-05-05T07:47:48Z">
    <groups>
    </groups>
    <test name="Default test" duration-ms="82884" started-at="2021-05-05T07:46:25Z" finished-at="2021-05-05T07:47:48Z">
      <class name="com.LumensSite.Test.FiltersVerfy">
        <test-method status="PASS" signature="bTest()[pri:0, instance:com.LumensSite.Test.FiltersVerfy@47c62251]" name="bTest" is-config="true" duration-ms="17660" started-at="2021-05-05T13:16:25Z" finished-at="2021-05-05T13:16:43Z">
          <reporter-output>
          </reporter-output>
        </test-method> <!-- bTest -->
        <test-method status="PASS" signature="login()[pri:0, instance:com.LumensSite.Test.FiltersVerfy@47c62251]" name="login" duration-ms="60323" started-at="2021-05-05T13:16:43Z" finished-at="2021-05-05T13:17:43Z">
          <reporter-output>
          </reporter-output>
        </test-method> <!-- login -->
        <test-method status="PASS" signature="aTest()[pri:0, instance:com.LumensSite.Test.FiltersVerfy@47c62251]" name="aTest" is-config="true" duration-ms="4853" started-at="2021-05-05T13:17:43Z" finished-at="2021-05-05T13:17:48Z">
          <reporter-output>
          </reporter-output>
        </test-method> <!-- aTest -->
      </class> <!-- com.LumensSite.Test.FiltersVerfy -->
    </test> <!-- Default test -->
  </suite> <!-- Default suite -->
</testng-results>
